<?xml version="1.0" encoding="UTF-8"?>
<testng-results skipped="0" failed="1" total="4" passed="3">
  <reporter-output>
  </reporter-output>
  <suite name="tedu.TestCopyOfApp" duration-ms="1" started-at="2018-03-28T07:30:24Z" finished-at="2018-03-28T07:30:24Z">
    <groups>
    </groups>
    <test name="Command line test 5204cbde-84e8-416b-955f-d44592cb5cf6" duration-ms="1" started-at="2018-03-28T07:30:24Z" finished-at="2018-03-28T07:30:24Z">
      <class name="tedu.TestCopyOfApp">
        <test-method status="PASS" signature="testApp()[pri:0, instance:testApp(tedu.TestCopyOfApp)]" name="testApp" duration-ms="0" started-at="2018-03-28T15:30:24Z" finished-at="2018-03-28T15:30:24Z">
          <reporter-output>
          </reporter-output>
        </test-method> <!-- testApp -->
      </class> <!-- tedu.TestCopyOfApp -->
    </test> <!-- Command line test 5204cbde-84e8-416b-955f-d44592cb5cf6 -->
  </suite> <!-- tedu.TestCopyOfApp -->
  <suite name="tedu.AbstractAppTest" duration-ms="21" started-at="2018-03-28T07:30:24Z" finished-at="2018-03-28T07:30:24Z">
    <groups>
    </groups>
    <test name="Command line test f40d7c3f-9608-4ab2-9433-c55a2bff6e5c" duration-ms="21" started-at="2018-03-28T07:30:24Z" finished-at="2018-03-28T07:30:24Z">
    </test> <!-- Command line test f40d7c3f-9608-4ab2-9433-c55a2bff6e5c -->
  </suite> <!-- tedu.AbstractAppTest -->
  <suite name="tedu.AppTest" duration-ms="3" started-at="2018-03-28T07:30:24Z" finished-at="2018-03-28T07:30:24Z">
    <groups>
    </groups>
    <test name="Command line test 3c094fe3-4c2f-4bde-9398-4a97456e02c8" duration-ms="3" started-at="2018-03-28T07:30:24Z" finished-at="2018-03-28T07:30:24Z">
      <class name="tedu.AppTest">
        <test-method status="PASS" signature="testApp()[pri:0, instance:testApp(tedu.AppTest)]" name="testApp" duration-ms="1" started-at="2018-03-28T15:30:24Z" finished-at="2018-03-28T15:30:24Z">
          <reporter-output>
          </reporter-output>
        </test-method> <!-- testApp -->
      </class> <!-- tedu.AppTest -->
    </test> <!-- Command line test 3c094fe3-4c2f-4bde-9398-4a97456e02c8 -->
  </suite> <!-- tedu.AppTest -->
  <suite name="tedu.App1Test" duration-ms="18" started-at="2018-03-28T07:30:24Z" finished-at="2018-03-28T07:30:24Z">
    <groups>
    </groups>
    <test name="Command line test c6edbc71-0f90-4615-a3cd-a9ad7c433510" duration-ms="18" started-at="2018-03-28T07:30:24Z" finished-at="2018-03-28T07:30:24Z">
      <class name="tedu.App1Test">
        <test-method status="PASS" signature="testa()[pri:0, instance:testa(tedu.App1Test)]" name="testa" duration-ms="4" started-at="2018-03-28T15:30:24Z" finished-at="2018-03-28T15:30:24Z">
          <reporter-output>
          </reporter-output>
        </test-method> <!-- testa -->
        <test-method status="FAIL" signature="testb()[pri:0, instance:testb(tedu.App1Test)]" name="testb" duration-ms="1" started-at="2018-03-28T15:30:24Z" finished-at="2018-03-28T15:30:24Z">
          <exception class="java.lang.AssertionError">
            <full-stacktrace>
              <![CDATA[java.lang.AssertionError: 
	at org.junit.Assert.fail(Assert.java:91)
	at org.junit.Assert.assertTrue(Assert.java:43)
	at org.junit.Assert.assertFalse(Assert.java:68)
	at org.junit.Assert.assertFalse(Assert.java:79)
	at tedu.App1Test.testb(App1Test.java:27)
	at sun.reflect.NativeMethodAccessorImpl.invoke0(Native Method)
	at sun.reflect.NativeMethodAccessorImpl.invoke(NativeMethodAccessorImpl.java:39)
	at sun.reflect.DelegatingMethodAccessorImpl.invoke(DelegatingMethodAccessorImpl.java:25)
	at java.lang.reflect.Method.invoke(Method.java:597)
	at org.junit.runners.model.FrameworkMethod$1.runReflectiveCall(FrameworkMethod.java:44)
	at org.junit.internal.runners.model.ReflectiveCallable.run(ReflectiveCallable.java:15)
	at org.junit.runners.model.FrameworkMethod.invokeExplosively(FrameworkMethod.java:41)
	at org.junit.internal.runners.statements.InvokeMethod.evaluate(InvokeMethod.java:20)
	at org.junit.internal.runners.statements.RunBefores.evaluate(RunBefores.java:28)
	at org.junit.internal.runners.statements.RunAfters.evaluate(RunAfters.java:31)
	at org.junit.runners.BlockJUnit4ClassRunner.runChild(BlockJUnit4ClassRunner.java:76)
	at org.junit.runners.BlockJUnit4ClassRunner.runChild(BlockJUnit4ClassRunner.java:50)
	at org.junit.runners.ParentRunner$3.run(ParentRunner.java:193)
	at org.junit.runners.ParentRunner$1.schedule(ParentRunner.java:52)
	at org.junit.runners.ParentRunner.runChildren(ParentRunner.java:191)
	at org.junit.runners.ParentRunner.access$000(ParentRunner.java:42)
	at org.junit.runners.ParentRunner$2.evaluate(ParentRunner.java:184)
	at org.junit.runners.ParentRunner.run(ParentRunner.java:236)
	at org.junit.runner.JUnitCore.run(JUnitCore.java:157)
	at org.junit.runner.JUnitCore.run(JUnitCore.java:136)
	at org.testng.junit.JUnit4TestRunner.start(JUnit4TestRunner.java:81)
	at org.testng.junit.JUnit4TestRunner.run(JUnit4TestRunner.java:69)
	at org.testng.TestRunner$1.run(TestRunner.java:682)
	at org.testng.TestRunner.runWorkers(TestRunner.java:1005)
	at org.testng.TestRunner.privateRunJUnit(TestRunner.java:713)
	at org.testng.TestRunner.run(TestRunner.java:614)
	at org.testng.SuiteRunner.runTest(SuiteRunner.java:334)
	at org.testng.SuiteRunner.runSequentially(SuiteRunner.java:329)
	at org.testng.SuiteRunner.privateRun(SuiteRunner.java:291)
	at org.testng.SuiteRunner.run(SuiteRunner.java:240)
	at org.testng.SuiteRunnerWorker.runSuite(SuiteRunnerWorker.java:52)
	at org.testng.SuiteRunnerWorker.run(SuiteRunnerWorker.java:86)
	at org.testng.TestNG.runSuitesSequentially(TestNG.java:1224)
	at org.testng.TestNG.runSuitesLocally(TestNG.java:1149)
	at org.testng.TestNG.run(TestNG.java:1057)
	at org.apache.maven.surefire.testng.TestNGExecutor.run(TestNGExecutor.java:91)
	at org.apache.maven.surefire.testng.TestNGDirectoryTestSuite.executeMulti(TestNGDirectoryTestSuite.java:211)
	at org.apache.maven.surefire.testng.TestNGDirectoryTestSuite.execute(TestNGDirectoryTestSuite.java:107)
	at org.apache.maven.surefire.testng.TestNGProvider.invoke(TestNGProvider.java:113)
	at org.apache.maven.surefire.booter.ForkedBooter.invokeProviderInSameClassLoader(ForkedBooter.java:200)
	at org.apache.maven.surefire.booter.ForkedBooter.runSuitesInProcess(ForkedBooter.java:153)
	at org.apache.maven.surefire.booter.ForkedBooter.main(ForkedBooter.java:103)
]]>
            </full-stacktrace>
          </exception> <!-- java.lang.AssertionError -->
          <reporter-output>
          </reporter-output>
        </test-method> <!-- testb -->
      </class> <!-- tedu.App1Test -->
    </test> <!-- Command line test c6edbc71-0f90-4615-a3cd-a9ad7c433510 -->
  </suite> <!-- tedu.App1Test -->
</testng-results>
