<?xml version="1.0" encoding="UTF-8"?>
<!-- Generated by org.testng.reporters.JUnitXMLReporter -->
<testsuite hostname="tarena-PC" name="Command line test bc613d5e-844f-4d26-a4cf-2a0ea89da3df" tests="2" failures="1" timestamp="28 Mar 2018 03:33:57 GMT" time="0.049" errors="0">
  <testcase name="testa on testa(tedu.CopyOfApp1Test1)" time="0.0030" classname="tedu.CopyOfApp1Test1"/>
  <testcase name="testb on testb(tedu.CopyOfApp1Test1)" time="0.0020" classname="tedu.CopyOfApp1Test1">
    <failure type="java.lang.AssertionError">
      <![CDATA[java.lang.AssertionError: 
	at org.junit.Assert.fail(Assert.java:91)
	at org.junit.Assert.assertTrue(Assert.java:43)
	at org.junit.Assert.assertFalse(Assert.java:68)
	at org.junit.Assert.assertFalse(Assert.java:79)
	at tedu.CopyOfApp1Test1.testb(CopyOfApp1Test1.java:27)
	at org.junit.runners.model.FrameworkMethod$1.runReflectiveCall(FrameworkMethod.java:44)
	at org.junit.internal.runners.model.ReflectiveCallable.run(ReflectiveCallable.java:15)
	at org.junit.runners.model.FrameworkMethod.invokeExplosively(FrameworkMethod.java:41)
	at org.junit.internal.runners.statements.InvokeMethod.evaluate(InvokeMethod.java:20)
	at org.junit.internal.runners.statements.RunBefores.evaluate(RunBefores.java:28)
	at org.junit.internal.runners.statements.RunAfters.evaluate(RunAfters.java:31)
	at org.junit.runners.BlockJUnit4ClassRunner.runChild(BlockJUnit4ClassRunner.java:76)
	at org.junit.runners.BlockJUnit4ClassRunner.runChild(BlockJUnit4ClassRunner.java:50)
	at org.junit.runners.ParentRunner$3.run(ParentRunner.java:193)
	at org.junit.runners.ParentRunner$1.schedule(ParentRunner.java:52)
	at org.junit.runners.ParentRunner.runChildren(ParentRunner.java:191)
	at org.junit.runners.ParentRunner.access$000(ParentRunner.java:42)
	at org.junit.runners.ParentRunner$2.evaluate(ParentRunner.java:184)
	at org.junit.runners.ParentRunner.run(ParentRunner.java:236)
	at org.junit.runner.JUnitCore.run(JUnitCore.java:157)
	at org.junit.runner.JUnitCore.run(JUnitCore.java:136)
... Removed 26 stack frames]]>
    </failure>
  </testcase> <!-- testb on testb(tedu.CopyOfApp1Test1) -->
</testsuite> <!-- Command line test bc613d5e-844f-4d26-a4cf-2a0ea89da3df -->
